{"/mnt/c/Users/Habbe/Dropbox/dbwebb-kurser/ramverk2/me/kmom10/api/app.js": {"path":"/mnt/c/Users/Habbe/Dropbox/dbwebb-kurser/ramverk2/me/kmom10/api/app.js","statementMap":{"0":{"start":{"line":1,"column":22},"end":{"line":1,"column":40}},"1":{"start":{"line":2,"column":22},"end":{"line":2,"column":39}},"2":{"start":{"line":3,"column":22},"end":{"line":3,"column":37}},"3":{"start":{"line":4,"column":22},"end":{"line":4,"column":44}},"4":{"start":{"line":5,"column":27},"end":{"line":5,"column":55}},"5":{"start":{"line":6,"column":26},"end":{"line":6,"column":53}},"6":{"start":{"line":7,"column":28},"end":{"line":7,"column":57}},"7":{"start":{"line":9,"column":12},"end":{"line":9,"column":21}},"8":{"start":{"line":11,"column":13},"end":{"line":11,"column":17}},"9":{"start":{"line":13,"column":0},"end":{"line":13,"column":27}},"10":{"start":{"line":14,"column":0},"end":{"line":16,"column":3}},"11":{"start":{"line":18,"column":0},"end":{"line":18,"column":16}},"12":{"start":{"line":21,"column":0},"end":{"line":24,"column":1}},"13":{"start":{"line":23,"column":4},"end":{"line":23,"column":32}},"14":{"start":{"line":26,"column":0},"end":{"line":26,"column":25}},"15":{"start":{"line":27,"column":0},"end":{"line":27,"column":28}},"16":{"start":{"line":28,"column":0},"end":{"line":28,"column":32}},"17":{"start":{"line":34,"column":0},"end":{"line":38,"column":3}},"18":{"start":{"line":35,"column":14},"end":{"line":35,"column":36}},"19":{"start":{"line":36,"column":4},"end":{"line":36,"column":21}},"20":{"start":{"line":37,"column":4},"end":{"line":37,"column":14}},"21":{"start":{"line":41,"column":0},"end":{"line":56,"column":3}},"22":{"start":{"line":42,"column":4},"end":{"line":44,"column":5}},"23":{"start":{"line":43,"column":8},"end":{"line":43,"column":25}},"24":{"start":{"line":46,"column":4},"end":{"line":54,"column":7}},"25":{"start":{"line":58,"column":15},"end":{"line":58,"column":18}},"26":{"start":{"line":61,"column":0},"end":{"line":61,"column":24}}},"fnMap":{"0":{"name":"(anonymous_0)","decl":{"start":{"line":34,"column":8},"end":{"line":34,"column":9}},"loc":{"start":{"line":34,"column":28},"end":{"line":38,"column":1}},"line":34},"1":{"name":"(anonymous_1)","decl":{"start":{"line":41,"column":8},"end":{"line":41,"column":9}},"loc":{"start":{"line":41,"column":33},"end":{"line":56,"column":1}},"line":41}},"branchMap":{"0":{"loc":{"start":{"line":21,"column":0},"end":{"line":24,"column":1}},"type":"if","locations":[{"start":{"line":21,"column":0},"end":{"line":24,"column":1}},{"start":{"line":21,"column":0},"end":{"line":24,"column":1}}],"line":21},"1":{"loc":{"start":{"line":42,"column":4},"end":{"line":44,"column":5}},"type":"if","locations":[{"start":{"line":42,"column":4},"end":{"line":44,"column":5}},{"start":{"line":42,"column":4},"end":{"line":44,"column":5}}],"line":42},"2":{"loc":{"start":{"line":46,"column":22},"end":{"line":46,"column":39}},"type":"binary-expr","locations":[{"start":{"line":46,"column":22},"end":{"line":46,"column":32}},{"start":{"line":46,"column":36},"end":{"line":46,"column":39}}],"line":46}},"s":{"0":1,"1":1,"2":1,"3":1,"4":1,"5":1,"6":1,"7":1,"8":1,"9":1,"10":1,"11":1,"12":1,"13":0,"14":1,"15":1,"16":1,"17":1,"18":1,"19":1,"20":1,"21":1,"22":1,"23":0,"24":1,"25":1,"26":1},"f":{"0":1,"1":1},"b":{"0":[0,1],"1":[0,1],"2":[1,0]},"_coverageSchema":"43e27e138ebf9cfc5966b082cf9a028302ed4184","hash":"f3fba06fdd8df2e5625ba873ab28332c5d48b0a9"}
,"/mnt/c/Users/Habbe/Dropbox/dbwebb-kurser/ramverk2/me/kmom10/api/db/database.js": {"path":"/mnt/c/Users/Habbe/Dropbox/dbwebb-kurser/ramverk2/me/kmom10/api/db/database.js","statementMap":{"0":{"start":{"line":1,"column":14},"end":{"line":1,"column":42}},"1":{"start":{"line":3,"column":0},"end":{"line":9,"column":5}},"2":{"start":{"line":4,"column":4},"end":{"line":6,"column":5}},"3":{"start":{"line":5,"column":8},"end":{"line":5,"column":60}},"4":{"start":{"line":8,"column":4},"end":{"line":8,"column":51}}},"fnMap":{"0":{"name":"(anonymous_0)","decl":{"start":{"line":3,"column":18},"end":{"line":3,"column":19}},"loc":{"start":{"line":3,"column":24},"end":{"line":9,"column":1}},"line":3}},"branchMap":{"0":{"loc":{"start":{"line":4,"column":4},"end":{"line":6,"column":5}},"type":"if","locations":[{"start":{"line":4,"column":4},"end":{"line":6,"column":5}},{"start":{"line":4,"column":4},"end":{"line":6,"column":5}}],"line":4}},"s":{"0":1,"1":1,"2":1,"3":1,"4":0},"f":{"0":1},"b":{"0":[1,0]},"_coverageSchema":"43e27e138ebf9cfc5966b082cf9a028302ed4184","hash":"f5d688360eca171841946c900f70e5e2586409e9"}
,"/mnt/c/Users/Habbe/Dropbox/dbwebb-kurser/ramverk2/me/kmom10/api/routes/figure.js": {"path":"/mnt/c/Users/Habbe/Dropbox/dbwebb-kurser/ramverk2/me/kmom10/api/routes/figure.js","statementMap":{"0":{"start":{"line":1,"column":12},"end":{"line":1,"column":39}},"1":{"start":{"line":2,"column":18},"end":{"line":2,"column":46}},"2":{"start":{"line":3,"column":18},"end":{"line":3,"column":43}},"3":{"start":{"line":8,"column":0},"end":{"line":13,"column":3}},"4":{"start":{"line":9,"column":14},"end":{"line":9,"column":37}},"5":{"start":{"line":10,"column":20},"end":{"line":10,"column":60}},"6":{"start":{"line":12,"column":4},"end":{"line":12,"column":41}},"7":{"start":{"line":15,"column":0},"end":{"line":15,"column":19}}},"fnMap":{"0":{"name":"(anonymous_0)","decl":{"start":{"line":8,"column":18},"end":{"line":8,"column":19}},"loc":{"start":{"line":8,"column":38},"end":{"line":13,"column":1}},"line":8}},"branchMap":{},"s":{"0":1,"1":1,"2":1,"3":1,"4":1,"5":1,"6":1,"7":1},"f":{"0":1},"b":{},"_coverageSchema":"43e27e138ebf9cfc5966b082cf9a028302ed4184","hash":"a0a946b4bb5709adde2e8a56be753b1a0e0b648c"}
,"/mnt/c/Users/Habbe/Dropbox/dbwebb-kurser/ramverk2/me/kmom10/api/routes/index.js": {"path":"/mnt/c/Users/Habbe/Dropbox/dbwebb-kurser/ramverk2/me/kmom10/api/routes/index.js","statementMap":{"0":{"start":{"line":1,"column":18},"end":{"line":1,"column":36}},"1":{"start":{"line":2,"column":18},"end":{"line":2,"column":34}},"2":{"start":{"line":4,"column":0},"end":{"line":11,"column":3}},"3":{"start":{"line":6,"column":17},"end":{"line":8,"column":5}},"4":{"start":{"line":10,"column":4},"end":{"line":10,"column":38}},"5":{"start":{"line":13,"column":0},"end":{"line":13,"column":24}}},"fnMap":{"0":{"name":"(anonymous_0)","decl":{"start":{"line":4,"column":16},"end":{"line":4,"column":17}},"loc":{"start":{"line":4,"column":41},"end":{"line":11,"column":1}},"line":4}},"branchMap":{},"s":{"0":1,"1":1,"2":1,"3":1,"4":1,"5":1},"f":{"0":1},"b":{},"_coverageSchema":"43e27e138ebf9cfc5966b082cf9a028302ed4184","hash":"062fbbea6c5f12f86ac70fe4da7f9272fc310758"}
,"/mnt/c/Users/Habbe/Dropbox/dbwebb-kurser/ramverk2/me/kmom10/api/routes/user.js": {"path":"/mnt/c/Users/Habbe/Dropbox/dbwebb-kurser/ramverk2/me/kmom10/api/routes/user.js","statementMap":{"0":{"start":{"line":1,"column":18},"end":{"line":1,"column":36}},"1":{"start":{"line":2,"column":18},"end":{"line":2,"column":34}},"2":{"start":{"line":3,"column":18},"end":{"line":3,"column":46}},"3":{"start":{"line":4,"column":18},"end":{"line":4,"column":43}},"4":{"start":{"line":5,"column":22},"end":{"line":5,"column":41}},"5":{"start":{"line":6,"column":22},"end":{"line":6,"column":24}},"6":{"start":{"line":7,"column":18},"end":{"line":7,"column":41}},"7":{"start":{"line":8,"column":23},"end":{"line":8,"column":48}},"8":{"start":{"line":11,"column":0},"end":{"line":31,"column":3}},"9":{"start":{"line":12,"column":46},"end":{"line":12,"column":54}},"10":{"start":{"line":13,"column":1},"end":{"line":13,"column":82}},"11":{"start":{"line":15,"column":4},"end":{"line":15,"column":28}},"12":{"start":{"line":16,"column":4},"end":{"line":18,"column":5}},"13":{"start":{"line":17,"column":8},"end":{"line":17,"column":34}},"14":{"start":{"line":19,"column":4},"end":{"line":19,"column":51}},"15":{"start":{"line":20,"column":4},"end":{"line":20,"column":57}},"16":{"start":{"line":22,"column":4},"end":{"line":24,"column":5}},"17":{"start":{"line":23,"column":8},"end":{"line":23,"column":35}},"18":{"start":{"line":26,"column":27},"end":{"line":26,"column":66}},"19":{"start":{"line":27,"column":4},"end":{"line":27,"column":65}},"20":{"start":{"line":28,"column":4},"end":{"line":28,"column":73}},"21":{"start":{"line":30,"column":4},"end":{"line":30,"column":31}},"22":{"start":{"line":33,"column":0},"end":{"line":51,"column":3}},"23":{"start":{"line":34,"column":35},"end":{"line":34,"column":43}},"24":{"start":{"line":35,"column":14},"end":{"line":35,"column":54}},"25":{"start":{"line":36,"column":17},"end":{"line":36,"column":62}},"26":{"start":{"line":37,"column":1},"end":{"line":37,"column":31}},"27":{"start":{"line":38,"column":4},"end":{"line":40,"column":5}},"28":{"start":{"line":39,"column":8},"end":{"line":39,"column":35}},"29":{"start":{"line":41,"column":26},"end":{"line":41,"column":71}},"30":{"start":{"line":42,"column":1},"end":{"line":42,"column":50}},"31":{"start":{"line":43,"column":4},"end":{"line":45,"column":5}},"32":{"start":{"line":44,"column":8},"end":{"line":44,"column":35}},"33":{"start":{"line":46,"column":20},"end":{"line":46,"column":74}},"34":{"start":{"line":47,"column":19},"end":{"line":47,"column":41}},"35":{"start":{"line":48,"column":18},"end":{"line":48,"column":63}},"36":{"start":{"line":50,"column":4},"end":{"line":50,"column":49}},"37":{"start":{"line":53,"column":0},"end":{"line":59,"column":3}},"38":{"start":{"line":54,"column":22},"end":{"line":54,"column":30}},"39":{"start":{"line":55,"column":17},"end":{"line":55,"column":56}},"40":{"start":{"line":56,"column":4},"end":{"line":56,"column":32}},"41":{"start":{"line":58,"column":4},"end":{"line":58,"column":38}},"42":{"start":{"line":61,"column":0},"end":{"line":78,"column":3}},"43":{"start":{"line":62,"column":36},"end":{"line":62,"column":44}},"44":{"start":{"line":63,"column":19},"end":{"line":68,"column":5}},"45":{"start":{"line":69,"column":4},"end":{"line":69,"column":30}},"46":{"start":{"line":70,"column":4},"end":{"line":77,"column":5}},"47":{"start":{"line":71,"column":8},"end":{"line":71,"column":39}},"48":{"start":{"line":72,"column":8},"end":{"line":72,"column":35}},"49":{"start":{"line":74,"column":21},"end":{"line":74,"column":58}},"50":{"start":{"line":75,"column":2},"end":{"line":75,"column":32}},"51":{"start":{"line":76,"column":8},"end":{"line":76,"column":35}},"52":{"start":{"line":80,"column":0},"end":{"line":107,"column":3}},"53":{"start":{"line":81,"column":36},"end":{"line":81,"column":44}},"54":{"start":{"line":82,"column":19},"end":{"line":87,"column":5}},"55":{"start":{"line":88,"column":4},"end":{"line":88,"column":31}},"56":{"start":{"line":90,"column":14},"end":{"line":90,"column":66}},"57":{"start":{"line":91,"column":21},"end":{"line":91,"column":84}},"58":{"start":{"line":92,"column":1},"end":{"line":92,"column":40}},"59":{"start":{"line":95,"column":24},"end":{"line":95,"column":85}},"60":{"start":{"line":95,"column":49},"end":{"line":95,"column":84}},"61":{"start":{"line":96,"column":4},"end":{"line":96,"column":42}},"62":{"start":{"line":97,"column":4},"end":{"line":97,"column":53}},"63":{"start":{"line":98,"column":4},"end":{"line":98,"column":37}},"64":{"start":{"line":99,"column":4},"end":{"line":101,"column":5}},"65":{"start":{"line":100,"column":8},"end":{"line":100,"column":35}},"66":{"start":{"line":102,"column":17},"end":{"line":102,"column":55}},"67":{"start":{"line":103,"column":1},"end":{"line":103,"column":32}},"68":{"start":{"line":105,"column":4},"end":{"line":105,"column":31}},"69":{"start":{"line":109,"column":0},"end":{"line":115,"column":3}},"70":{"start":{"line":110,"column":25},"end":{"line":110,"column":48}},"71":{"start":{"line":111,"column":14},"end":{"line":111,"column":54}},"72":{"start":{"line":112,"column":17},"end":{"line":112,"column":62}},"73":{"start":{"line":114,"column":4},"end":{"line":114,"column":40}},"74":{"start":{"line":117,"column":0},"end":{"line":123,"column":3}},"75":{"start":{"line":118,"column":4},"end":{"line":118,"column":40}},"76":{"start":{"line":119,"column":14},"end":{"line":119,"column":65}},"77":{"start":{"line":120,"column":17},"end":{"line":120,"column":74}},"78":{"start":{"line":122,"column":4},"end":{"line":122,"column":40}},"79":{"start":{"line":125,"column":0},"end":{"line":130,"column":3}},"80":{"start":{"line":126,"column":14},"end":{"line":126,"column":108}},"81":{"start":{"line":127,"column":17},"end":{"line":127,"column":74}},"82":{"start":{"line":129,"column":4},"end":{"line":129,"column":40}},"83":{"start":{"line":132,"column":0},"end":{"line":142,"column":3}},"84":{"start":{"line":133,"column":21},"end":{"line":133,"column":24}},"85":{"start":{"line":134,"column":23},"end":{"line":134,"column":31}},"86":{"start":{"line":135,"column":1},"end":{"line":135,"column":36}},"87":{"start":{"line":136,"column":1},"end":{"line":136,"column":32}},"88":{"start":{"line":137,"column":14},"end":{"line":137,"column":73}},"89":{"start":{"line":138,"column":17},"end":{"line":138,"column":75}},"90":{"start":{"line":139,"column":1},"end":{"line":139,"column":32}},"91":{"start":{"line":141,"column":4},"end":{"line":141,"column":31}},"92":{"start":{"line":144,"column":0},"end":{"line":158,"column":3}},"93":{"start":{"line":145,"column":21},"end":{"line":145,"column":24}},"94":{"start":{"line":146,"column":23},"end":{"line":146,"column":31}},"95":{"start":{"line":147,"column":14},"end":{"line":147,"column":54}},"96":{"start":{"line":148,"column":20},"end":{"line":148,"column":70}},"97":{"start":{"line":149,"column":4},"end":{"line":151,"column":5}},"98":{"start":{"line":150,"column":8},"end":{"line":150,"column":35}},"99":{"start":{"line":152,"column":1},"end":{"line":152,"column":38}},"100":{"start":{"line":153,"column":4},"end":{"line":153,"column":70}},"101":{"start":{"line":154,"column":17},"end":{"line":154,"column":75}},"102":{"start":{"line":155,"column":1},"end":{"line":155,"column":32}},"103":{"start":{"line":157,"column":4},"end":{"line":157,"column":31}},"104":{"start":{"line":160,"column":0},"end":{"line":160,"column":24}}},"fnMap":{"0":{"name":"(anonymous_0)","decl":{"start":{"line":11,"column":25},"end":{"line":11,"column":26}},"loc":{"start":{"line":11,"column":45},"end":{"line":31,"column":1}},"line":11},"1":{"name":"(anonymous_1)","decl":{"start":{"line":33,"column":22},"end":{"line":33,"column":23}},"loc":{"start":{"line":33,"column":42},"end":{"line":51,"column":1}},"line":33},"2":{"name":"(anonymous_2)","decl":{"start":{"line":53,"column":22},"end":{"line":53,"column":23}},"loc":{"start":{"line":53,"column":42},"end":{"line":59,"column":1}},"line":53},"3":{"name":"(anonymous_3)","decl":{"start":{"line":61,"column":32},"end":{"line":61,"column":33}},"loc":{"start":{"line":61,"column":52},"end":{"line":78,"column":1}},"line":61},"4":{"name":"(anonymous_4)","decl":{"start":{"line":80,"column":33},"end":{"line":80,"column":34}},"loc":{"start":{"line":80,"column":53},"end":{"line":107,"column":1}},"line":80},"5":{"name":"(anonymous_5)","decl":{"start":{"line":95,"column":38},"end":{"line":95,"column":39}},"loc":{"start":{"line":95,"column":49},"end":{"line":95,"column":84}},"line":95},"6":{"name":"(anonymous_6)","decl":{"start":{"line":109,"column":37},"end":{"line":109,"column":38}},"loc":{"start":{"line":109,"column":57},"end":{"line":115,"column":1}},"line":109},"7":{"name":"(anonymous_7)","decl":{"start":{"line":117,"column":37},"end":{"line":117,"column":38}},"loc":{"start":{"line":117,"column":57},"end":{"line":123,"column":1}},"line":117},"8":{"name":"(anonymous_8)","decl":{"start":{"line":125,"column":35},"end":{"line":125,"column":36}},"loc":{"start":{"line":125,"column":55},"end":{"line":130,"column":1}},"line":125},"9":{"name":"(anonymous_9)","decl":{"start":{"line":132,"column":36},"end":{"line":132,"column":37}},"loc":{"start":{"line":132,"column":56},"end":{"line":142,"column":1}},"line":132},"10":{"name":"(anonymous_10)","decl":{"start":{"line":144,"column":37},"end":{"line":144,"column":38}},"loc":{"start":{"line":144,"column":57},"end":{"line":158,"column":1}},"line":144}},"branchMap":{"0":{"loc":{"start":{"line":16,"column":4},"end":{"line":18,"column":5}},"type":"if","locations":[{"start":{"line":16,"column":4},"end":{"line":18,"column":5}},{"start":{"line":16,"column":4},"end":{"line":18,"column":5}}],"line":16},"1":{"loc":{"start":{"line":22,"column":4},"end":{"line":24,"column":5}},"type":"if","locations":[{"start":{"line":22,"column":4},"end":{"line":24,"column":5}},{"start":{"line":22,"column":4},"end":{"line":24,"column":5}}],"line":22},"2":{"loc":{"start":{"line":38,"column":4},"end":{"line":40,"column":5}},"type":"if","locations":[{"start":{"line":38,"column":4},"end":{"line":40,"column":5}},{"start":{"line":38,"column":4},"end":{"line":40,"column":5}}],"line":38},"3":{"loc":{"start":{"line":43,"column":4},"end":{"line":45,"column":5}},"type":"if","locations":[{"start":{"line":43,"column":4},"end":{"line":45,"column":5}},{"start":{"line":43,"column":4},"end":{"line":45,"column":5}}],"line":43},"4":{"loc":{"start":{"line":70,"column":4},"end":{"line":77,"column":5}},"type":"if","locations":[{"start":{"line":70,"column":4},"end":{"line":77,"column":5}},{"start":{"line":70,"column":4},"end":{"line":77,"column":5}}],"line":70},"5":{"loc":{"start":{"line":99,"column":4},"end":{"line":101,"column":5}},"type":"if","locations":[{"start":{"line":99,"column":4},"end":{"line":101,"column":5}},{"start":{"line":99,"column":4},"end":{"line":101,"column":5}}],"line":99},"6":{"loc":{"start":{"line":149,"column":4},"end":{"line":151,"column":5}},"type":"if","locations":[{"start":{"line":149,"column":4},"end":{"line":151,"column":5}},{"start":{"line":149,"column":4},"end":{"line":151,"column":5}}],"line":149}},"s":{"0":1,"1":1,"2":1,"3":1,"4":1,"5":1,"6":1,"7":1,"8":1,"9":3,"10":3,"11":3,"12":3,"13":1,"14":2,"15":2,"16":2,"17":1,"18":1,"19":1,"20":1,"21":1,"22":1,"23":14,"24":14,"25":14,"26":14,"27":14,"28":1,"29":13,"30":13,"31":13,"32":1,"33":12,"34":12,"35":12,"36":12,"37":1,"38":2,"39":2,"40":2,"41":2,"42":1,"43":2,"44":2,"45":2,"46":2,"47":0,"48":0,"49":2,"50":2,"51":2,"52":1,"53":1,"54":1,"55":1,"56":1,"57":1,"58":1,"59":1,"60":1,"61":1,"62":1,"63":1,"64":1,"65":0,"66":1,"67":1,"68":1,"69":1,"70":1,"71":1,"72":1,"73":1,"74":1,"75":1,"76":1,"77":1,"78":1,"79":1,"80":1,"81":1,"82":1,"83":1,"84":1,"85":1,"86":1,"87":1,"88":1,"89":1,"90":1,"91":1,"92":1,"93":2,"94":2,"95":2,"96":2,"97":2,"98":1,"99":1,"100":1,"101":1,"102":1,"103":1,"104":1},"f":{"0":3,"1":14,"2":2,"3":2,"4":1,"5":1,"6":1,"7":1,"8":1,"9":1,"10":2},"b":{"0":[1,2],"1":[1,1],"2":[1,13],"3":[1,12],"4":[0,2],"5":[0,1],"6":[1,1]},"_coverageSchema":"43e27e138ebf9cfc5966b082cf9a028302ed4184","hash":"6163a0af5b1bbf66d759a5d1f62ffc421485813f"}
,"/mnt/c/Users/Habbe/Dropbox/dbwebb-kurser/ramverk2/me/kmom10/api/src/user.js": {"path":"/mnt/c/Users/Habbe/Dropbox/dbwebb-kurser/ramverk2/me/kmom10/api/src/user.js","statementMap":{"0":{"start":{"line":1,"column":18},"end":{"line":1,"column":41}},"1":{"start":{"line":3,"column":17},"end":{"line":12,"column":1}},"2":{"start":{"line":4,"column":4},"end":{"line":11,"column":7}},"3":{"start":{"line":5,"column":8},"end":{"line":10,"column":11}},"4":{"start":{"line":6,"column":12},"end":{"line":8,"column":13}},"5":{"start":{"line":7,"column":16},"end":{"line":7,"column":28}},"6":{"start":{"line":9,"column":12},"end":{"line":9,"column":26}},"7":{"start":{"line":14,"column":20},"end":{"line":23,"column":1}},"8":{"start":{"line":15,"column":4},"end":{"line":22,"column":7}},"9":{"start":{"line":16,"column":8},"end":{"line":21,"column":11}},"10":{"start":{"line":17,"column":12},"end":{"line":19,"column":13}},"11":{"start":{"line":18,"column":16},"end":{"line":18,"column":28}},"12":{"start":{"line":20,"column":12},"end":{"line":20,"column":26}},"13":{"start":{"line":25,"column":17},"end":{"line":34,"column":1}},"14":{"start":{"line":26,"column":4},"end":{"line":33,"column":7}},"15":{"start":{"line":27,"column":8},"end":{"line":32,"column":11}},"16":{"start":{"line":28,"column":12},"end":{"line":30,"column":13}},"17":{"start":{"line":29,"column":16},"end":{"line":29,"column":28}},"18":{"start":{"line":31,"column":12},"end":{"line":31,"column":26}},"19":{"start":{"line":36,"column":18},"end":{"line":82,"column":1}},"20":{"start":{"line":37,"column":47},"end":{"line":37,"column":53}},"21":{"start":{"line":38,"column":4},"end":{"line":81,"column":7}},"22":{"start":{"line":40,"column":8},"end":{"line":40,"column":27}},"23":{"start":{"line":41,"column":8},"end":{"line":41,"column":35}},"24":{"start":{"line":42,"column":8},"end":{"line":42,"column":42}},"25":{"start":{"line":43,"column":8},"end":{"line":43,"column":39}},"26":{"start":{"line":44,"column":8},"end":{"line":80,"column":11}},"27":{"start":{"line":45,"column":12},"end":{"line":47,"column":13}},"28":{"start":{"line":46,"column":16},"end":{"line":46,"column":28}},"29":{"start":{"line":48,"column":12},"end":{"line":57,"column":13}},"30":{"start":{"line":49,"column":16},"end":{"line":49,"column":45}},"31":{"start":{"line":50,"column":16},"end":{"line":50,"column":48}},"32":{"start":{"line":51,"column":16},"end":{"line":51,"column":50}},"33":{"start":{"line":52,"column":16},"end":{"line":52,"column":46}},"34":{"start":{"line":54,"column":16},"end":{"line":54,"column":50}},"35":{"start":{"line":55,"column":16},"end":{"line":55,"column":62}},"36":{"start":{"line":56,"column":16},"end":{"line":56,"column":43}},"37":{"start":{"line":58,"column":12},"end":{"line":79,"column":14}},"38":{"start":{"line":59,"column":16},"end":{"line":61,"column":17}},"39":{"start":{"line":60,"column":20},"end":{"line":60,"column":32}},"40":{"start":{"line":62,"column":16},"end":{"line":62,"column":38}},"41":{"start":{"line":63,"column":16},"end":{"line":63,"column":52}},"42":{"start":{"line":64,"column":16},"end":{"line":64,"column":45}},"43":{"start":{"line":65,"column":16},"end":{"line":78,"column":18}},"44":{"start":{"line":66,"column":20},"end":{"line":68,"column":21}},"45":{"start":{"line":67,"column":24},"end":{"line":67,"column":36}},"46":{"start":{"line":69,"column":20},"end":{"line":69,"column":53}},"47":{"start":{"line":70,"column":20},"end":{"line":70,"column":84}},"48":{"start":{"line":71,"column":20},"end":{"line":71,"column":53}},"49":{"start":{"line":72,"column":20},"end":{"line":77,"column":22}},"50":{"start":{"line":73,"column":24},"end":{"line":75,"column":25}},"51":{"start":{"line":74,"column":28},"end":{"line":74,"column":40}},"52":{"start":{"line":76,"column":24},"end":{"line":76,"column":38}},"53":{"start":{"line":84,"column":19},"end":{"line":117,"column":1}},"54":{"start":{"line":85,"column":47},"end":{"line":85,"column":53}},"55":{"start":{"line":87,"column":4},"end":{"line":116,"column":7}},"56":{"start":{"line":89,"column":8},"end":{"line":89,"column":30}},"57":{"start":{"line":90,"column":8},"end":{"line":90,"column":44}},"58":{"start":{"line":91,"column":8},"end":{"line":91,"column":37}},"59":{"start":{"line":92,"column":2},"end":{"line":92,"column":43}},"60":{"start":{"line":93,"column":8},"end":{"line":115,"column":10}},"61":{"start":{"line":94,"column":12},"end":{"line":96,"column":13}},"62":{"start":{"line":95,"column":16},"end":{"line":95,"column":28}},"63":{"start":{"line":97,"column":12},"end":{"line":97,"column":41}},"64":{"start":{"line":98,"column":12},"end":{"line":98,"column":44}},"65":{"start":{"line":99,"column":12},"end":{"line":99,"column":46}},"66":{"start":{"line":100,"column":12},"end":{"line":100,"column":42}},"67":{"start":{"line":101,"column":12},"end":{"line":114,"column":14}},"68":{"start":{"line":102,"column":16},"end":{"line":104,"column":17}},"69":{"start":{"line":103,"column":20},"end":{"line":103,"column":32}},"70":{"start":{"line":105,"column":16},"end":{"line":105,"column":49}},"71":{"start":{"line":106,"column":16},"end":{"line":106,"column":80}},"72":{"start":{"line":107,"column":16},"end":{"line":107,"column":49}},"73":{"start":{"line":108,"column":16},"end":{"line":113,"column":18}},"74":{"start":{"line":109,"column":20},"end":{"line":111,"column":21}},"75":{"start":{"line":110,"column":24},"end":{"line":110,"column":36}},"76":{"start":{"line":112,"column":20},"end":{"line":112,"column":34}},"77":{"start":{"line":119,"column":19},"end":{"line":131,"column":1}},"78":{"start":{"line":120,"column":18},"end":{"line":120,"column":79}},"79":{"start":{"line":121,"column":1},"end":{"line":121,"column":48}},"80":{"start":{"line":123,"column":4},"end":{"line":130,"column":7}},"81":{"start":{"line":124,"column":8},"end":{"line":126,"column":9}},"82":{"start":{"line":125,"column":12},"end":{"line":125,"column":39}},"83":{"start":{"line":127,"column":8},"end":{"line":127,"column":26}},"84":{"start":{"line":128,"column":8},"end":{"line":128,"column":27}},"85":{"start":{"line":129,"column":8},"end":{"line":129,"column":15}},"86":{"start":{"line":133,"column":20},"end":{"line":141,"column":1}},"87":{"start":{"line":134,"column":4},"end":{"line":140,"column":7}},"88":{"start":{"line":135,"column":8},"end":{"line":137,"column":9}},"89":{"start":{"line":136,"column":12},"end":{"line":136,"column":49}},"90":{"start":{"line":139,"column":8},"end":{"line":139,"column":40}},"91":{"start":{"line":145,"column":0},"end":{"line":153,"column":2}}},"fnMap":{"0":{"name":"(anonymous_0)","decl":{"start":{"line":3,"column":17},"end":{"line":3,"column":18}},"loc":{"start":{"line":3,"column":38},"end":{"line":12,"column":1}},"line":3},"1":{"name":"(anonymous_1)","decl":{"start":{"line":4,"column":23},"end":{"line":4,"column":24}},"loc":{"start":{"line":4,"column":44},"end":{"line":11,"column":5}},"line":4},"2":{"name":"(anonymous_2)","decl":{"start":{"line":5,"column":28},"end":{"line":5,"column":29}},"loc":{"start":{"line":5,"column":43},"end":{"line":10,"column":9}},"line":5},"3":{"name":"(anonymous_3)","decl":{"start":{"line":14,"column":20},"end":{"line":14,"column":21}},"loc":{"start":{"line":14,"column":41},"end":{"line":23,"column":1}},"line":14},"4":{"name":"(anonymous_4)","decl":{"start":{"line":15,"column":23},"end":{"line":15,"column":24}},"loc":{"start":{"line":15,"column":44},"end":{"line":22,"column":5}},"line":15},"5":{"name":"(anonymous_5)","decl":{"start":{"line":16,"column":28},"end":{"line":16,"column":29}},"loc":{"start":{"line":16,"column":43},"end":{"line":21,"column":9}},"line":16},"6":{"name":"(anonymous_6)","decl":{"start":{"line":25,"column":17},"end":{"line":25,"column":18}},"loc":{"start":{"line":25,"column":38},"end":{"line":34,"column":1}},"line":25},"7":{"name":"(anonymous_7)","decl":{"start":{"line":26,"column":23},"end":{"line":26,"column":24}},"loc":{"start":{"line":26,"column":44},"end":{"line":33,"column":5}},"line":26},"8":{"name":"(anonymous_8)","decl":{"start":{"line":27,"column":28},"end":{"line":27,"column":29}},"loc":{"start":{"line":27,"column":43},"end":{"line":32,"column":9}},"line":27},"9":{"name":"(anonymous_9)","decl":{"start":{"line":36,"column":18},"end":{"line":36,"column":19}},"loc":{"start":{"line":36,"column":34},"end":{"line":82,"column":1}},"line":36},"10":{"name":"(anonymous_10)","decl":{"start":{"line":38,"column":23},"end":{"line":38,"column":24}},"loc":{"start":{"line":38,"column":44},"end":{"line":81,"column":5}},"line":38},"11":{"name":"(anonymous_11)","decl":{"start":{"line":44,"column":40},"end":{"line":44,"column":41}},"loc":{"start":{"line":44,"column":55},"end":{"line":80,"column":9}},"line":44},"12":{"name":"(anonymous_12)","decl":{"start":{"line":58,"column":51},"end":{"line":58,"column":52}},"loc":{"start":{"line":58,"column":66},"end":{"line":79,"column":13}},"line":58},"13":{"name":"(anonymous_13)","decl":{"start":{"line":65,"column":68},"end":{"line":65,"column":69}},"loc":{"start":{"line":65,"column":83},"end":{"line":78,"column":17}},"line":65},"14":{"name":"(anonymous_14)","decl":{"start":{"line":72,"column":73},"end":{"line":72,"column":74}},"loc":{"start":{"line":72,"column":88},"end":{"line":77,"column":21}},"line":72},"15":{"name":"(anonymous_15)","decl":{"start":{"line":84,"column":19},"end":{"line":84,"column":20}},"loc":{"start":{"line":84,"column":35},"end":{"line":117,"column":1}},"line":84},"16":{"name":"(anonymous_16)","decl":{"start":{"line":87,"column":23},"end":{"line":87,"column":24}},"loc":{"start":{"line":87,"column":44},"end":{"line":116,"column":5}},"line":87},"17":{"name":"(anonymous_17)","decl":{"start":{"line":93,"column":60},"end":{"line":93,"column":61}},"loc":{"start":{"line":93,"column":75},"end":{"line":115,"column":9}},"line":93},"18":{"name":"(anonymous_18)","decl":{"start":{"line":101,"column":51},"end":{"line":101,"column":52}},"loc":{"start":{"line":101,"column":66},"end":{"line":114,"column":13}},"line":101},"19":{"name":"(anonymous_19)","decl":{"start":{"line":108,"column":70},"end":{"line":108,"column":71}},"loc":{"start":{"line":108,"column":85},"end":{"line":113,"column":17}},"line":108},"20":{"name":"(anonymous_20)","decl":{"start":{"line":119,"column":19},"end":{"line":119,"column":20}},"loc":{"start":{"line":119,"column":39},"end":{"line":131,"column":1}},"line":119},"21":{"name":"(anonymous_21)","decl":{"start":{"line":123,"column":46},"end":{"line":123,"column":47}},"loc":{"start":{"line":123,"column":64},"end":{"line":130,"column":5}},"line":123},"22":{"name":"(anonymous_22)","decl":{"start":{"line":133,"column":20},"end":{"line":133,"column":21}},"loc":{"start":{"line":133,"column":36},"end":{"line":141,"column":1}},"line":133},"23":{"name":"(anonymous_23)","decl":{"start":{"line":134,"column":53},"end":{"line":134,"column":54}},"loc":{"start":{"line":134,"column":71},"end":{"line":140,"column":5}},"line":134}},"branchMap":{"0":{"loc":{"start":{"line":6,"column":12},"end":{"line":8,"column":13}},"type":"if","locations":[{"start":{"line":6,"column":12},"end":{"line":8,"column":13}},{"start":{"line":6,"column":12},"end":{"line":8,"column":13}}],"line":6},"1":{"loc":{"start":{"line":17,"column":12},"end":{"line":19,"column":13}},"type":"if","locations":[{"start":{"line":17,"column":12},"end":{"line":19,"column":13}},{"start":{"line":17,"column":12},"end":{"line":19,"column":13}}],"line":17},"2":{"loc":{"start":{"line":28,"column":12},"end":{"line":30,"column":13}},"type":"if","locations":[{"start":{"line":28,"column":12},"end":{"line":30,"column":13}},{"start":{"line":28,"column":12},"end":{"line":30,"column":13}}],"line":28},"3":{"loc":{"start":{"line":45,"column":12},"end":{"line":47,"column":13}},"type":"if","locations":[{"start":{"line":45,"column":12},"end":{"line":47,"column":13}},{"start":{"line":45,"column":12},"end":{"line":47,"column":13}}],"line":45},"4":{"loc":{"start":{"line":48,"column":12},"end":{"line":57,"column":13}},"type":"if","locations":[{"start":{"line":48,"column":12},"end":{"line":57,"column":13}},{"start":{"line":48,"column":12},"end":{"line":57,"column":13}}],"line":48},"5":{"loc":{"start":{"line":59,"column":16},"end":{"line":61,"column":17}},"type":"if","locations":[{"start":{"line":59,"column":16},"end":{"line":61,"column":17}},{"start":{"line":59,"column":16},"end":{"line":61,"column":17}}],"line":59},"6":{"loc":{"start":{"line":66,"column":20},"end":{"line":68,"column":21}},"type":"if","locations":[{"start":{"line":66,"column":20},"end":{"line":68,"column":21}},{"start":{"line":66,"column":20},"end":{"line":68,"column":21}}],"line":66},"7":{"loc":{"start":{"line":73,"column":24},"end":{"line":75,"column":25}},"type":"if","locations":[{"start":{"line":73,"column":24},"end":{"line":75,"column":25}},{"start":{"line":73,"column":24},"end":{"line":75,"column":25}}],"line":73},"8":{"loc":{"start":{"line":94,"column":12},"end":{"line":96,"column":13}},"type":"if","locations":[{"start":{"line":94,"column":12},"end":{"line":96,"column":13}},{"start":{"line":94,"column":12},"end":{"line":96,"column":13}}],"line":94},"9":{"loc":{"start":{"line":102,"column":16},"end":{"line":104,"column":17}},"type":"if","locations":[{"start":{"line":102,"column":16},"end":{"line":104,"column":17}},{"start":{"line":102,"column":16},"end":{"line":104,"column":17}}],"line":102},"10":{"loc":{"start":{"line":109,"column":20},"end":{"line":111,"column":21}},"type":"if","locations":[{"start":{"line":109,"column":20},"end":{"line":111,"column":21}},{"start":{"line":109,"column":20},"end":{"line":111,"column":21}}],"line":109},"11":{"loc":{"start":{"line":120,"column":18},"end":{"line":120,"column":79}},"type":"binary-expr","locations":[{"start":{"line":120,"column":18},"end":{"line":120,"column":47}},{"start":{"line":120,"column":51},"end":{"line":120,"column":79}}],"line":120},"12":{"loc":{"start":{"line":124,"column":8},"end":{"line":126,"column":9}},"type":"if","locations":[{"start":{"line":124,"column":8},"end":{"line":126,"column":9}},{"start":{"line":124,"column":8},"end":{"line":126,"column":9}}],"line":124},"13":{"loc":{"start":{"line":135,"column":8},"end":{"line":137,"column":9}},"type":"if","locations":[{"start":{"line":135,"column":8},"end":{"line":137,"column":9}},{"start":{"line":135,"column":8},"end":{"line":137,"column":9}}],"line":135}},"s":{"0":1,"1":1,"2":19,"3":19,"4":19,"5":0,"6":19,"7":1,"8":4,"9":4,"10":4,"11":0,"12":4,"13":1,"14":3,"15":3,"16":3,"17":0,"18":3,"19":1,"20":2,"21":2,"22":2,"23":2,"24":2,"25":2,"26":2,"27":2,"28":0,"29":2,"30":1,"31":1,"32":1,"33":1,"34":1,"35":1,"36":1,"37":2,"38":2,"39":0,"40":2,"41":2,"42":2,"43":2,"44":2,"45":0,"46":2,"47":2,"48":2,"49":2,"50":2,"51":0,"52":2,"53":1,"54":1,"55":1,"56":1,"57":1,"58":1,"59":1,"60":1,"61":1,"62":0,"63":1,"64":1,"65":1,"66":1,"67":1,"68":1,"69":0,"70":1,"71":1,"72":1,"73":1,"74":1,"75":0,"76":1,"77":1,"78":9,"79":9,"80":9,"81":9,"82":0,"83":9,"84":9,"85":9,"86":1,"87":2,"88":2,"89":1,"90":1,"91":1},"f":{"0":19,"1":19,"2":19,"3":4,"4":4,"5":4,"6":3,"7":3,"8":3,"9":2,"10":2,"11":2,"12":2,"13":2,"14":2,"15":1,"16":1,"17":1,"18":1,"19":1,"20":9,"21":9,"22":2,"23":2},"b":{"0":[0,19],"1":[0,4],"2":[0,3],"3":[0,2],"4":[1,1],"5":[0,2],"6":[0,2],"7":[0,2],"8":[0,1],"9":[0,1],"10":[0,1],"11":[9,0],"12":[0,9],"13":[1,1]},"_coverageSchema":"43e27e138ebf9cfc5966b082cf9a028302ed4184","hash":"f3d65094d9d42d7aa2f1dd820132508c04c58133"}
}
