TN:
SF:/mnt/c/Users/Habbe/Dropbox/dbwebb-kurser/ramverk2/me/kmom10/api/app.js
FN:34,(anonymous_0)
FN:41,(anonymous_1)
FNF:2
FNH:2
FNDA:1,(anonymous_0)
FNDA:1,(anonymous_1)
DA:1,1
DA:2,1
DA:3,1
DA:4,1
DA:5,1
DA:6,1
DA:7,1
DA:9,1
DA:11,1
DA:13,1
DA:14,1
DA:18,1
DA:21,1
DA:23,0
DA:26,1
DA:27,1
DA:28,1
DA:34,1
DA:35,1
DA:36,1
DA:37,1
DA:41,1
DA:42,1
DA:43,0
DA:46,1
DA:58,1
DA:61,1
LF:27
LH:25
BRDA:21,0,0,0
BRDA:21,0,1,1
BRDA:42,1,0,0
BRDA:42,1,1,1
BRDA:46,2,0,1
BRDA:46,2,1,0
BRF:6
BRH:3
end_of_record
TN:
SF:/mnt/c/Users/Habbe/Dropbox/dbwebb-kurser/ramverk2/me/kmom10/api/db/database.js
FN:3,(anonymous_0)
FNF:1
FNH:1
FNDA:1,(anonymous_0)
DA:1,1
DA:3,1
DA:4,1
DA:5,1
DA:8,0
LF:5
LH:4
BRDA:4,0,0,1
BRDA:4,0,1,0
BRF:2
BRH:1
end_of_record
TN:
SF:/mnt/c/Users/Habbe/Dropbox/dbwebb-kurser/ramverk2/me/kmom10/api/routes/figure.js
FN:8,(anonymous_0)
FNF:1
FNH:1
FNDA:1,(anonymous_0)
DA:1,1
DA:2,1
DA:3,1
DA:8,1
DA:9,1
DA:10,1
DA:12,1
DA:15,1
LF:8
LH:8
BRF:0
BRH:0
end_of_record
TN:
SF:/mnt/c/Users/Habbe/Dropbox/dbwebb-kurser/ramverk2/me/kmom10/api/routes/index.js
FN:4,(anonymous_0)
FNF:1
FNH:1
FNDA:1,(anonymous_0)
DA:1,1
DA:2,1
DA:4,1
DA:6,1
DA:10,1
DA:13,1
LF:6
LH:6
BRF:0
BRH:0
end_of_record
TN:
SF:/mnt/c/Users/Habbe/Dropbox/dbwebb-kurser/ramverk2/me/kmom10/api/routes/user.js
FN:11,(anonymous_0)
FN:33,(anonymous_1)
FN:53,(anonymous_2)
FN:61,(anonymous_3)
FN:80,(anonymous_4)
FN:95,(anonymous_5)
FN:109,(anonymous_6)
FN:117,(anonymous_7)
FN:125,(anonymous_8)
FN:132,(anonymous_9)
FN:144,(anonymous_10)
FNF:11
FNH:11
FNDA:3,(anonymous_0)
FNDA:14,(anonymous_1)
FNDA:2,(anonymous_2)
FNDA:2,(anonymous_3)
FNDA:1,(anonymous_4)
FNDA:1,(anonymous_5)
FNDA:1,(anonymous_6)
FNDA:1,(anonymous_7)
FNDA:1,(anonymous_8)
FNDA:1,(anonymous_9)
FNDA:2,(anonymous_10)
DA:1,1
DA:2,1
DA:3,1
DA:4,1
DA:5,1
DA:6,1
DA:7,1
DA:8,1
DA:11,1
DA:12,3
DA:13,3
DA:15,3
DA:16,3
DA:17,1
DA:19,2
DA:20,2
DA:22,2
DA:23,1
DA:26,1
DA:27,1
DA:28,1
DA:30,1
DA:33,1
DA:34,14
DA:35,14
DA:36,14
DA:37,14
DA:38,14
DA:39,1
DA:41,13
DA:42,13
DA:43,13
DA:44,1
DA:46,12
DA:47,12
DA:48,12
DA:50,12
DA:53,1
DA:54,2
DA:55,2
DA:56,2
DA:58,2
DA:61,1
DA:62,2
DA:63,2
DA:69,2
DA:70,2
DA:71,0
DA:72,0
DA:74,2
DA:75,2
DA:76,2
DA:80,1
DA:81,1
DA:82,1
DA:88,1
DA:90,1
DA:91,1
DA:92,1
DA:95,1
DA:96,1
DA:97,1
DA:98,1
DA:99,1
DA:100,0
DA:102,1
DA:103,1
DA:105,1
DA:109,1
DA:110,1
DA:111,1
DA:112,1
DA:114,1
DA:117,1
DA:118,1
DA:119,1
DA:120,1
DA:122,1
DA:125,1
DA:126,1
DA:127,1
DA:129,1
DA:132,1
DA:133,1
DA:134,1
DA:135,1
DA:136,1
DA:137,1
DA:138,1
DA:139,1
DA:141,1
DA:144,1
DA:145,2
DA:146,2
DA:147,2
DA:148,2
DA:149,2
DA:150,1
DA:152,1
DA:153,1
DA:154,1
DA:155,1
DA:157,1
DA:160,1
LF:104
LH:101
BRDA:16,0,0,1
BRDA:16,0,1,2
BRDA:22,1,0,1
BRDA:22,1,1,1
BRDA:38,2,0,1
BRDA:38,2,1,13
BRDA:43,3,0,1
BRDA:43,3,1,12
BRDA:70,4,0,0
BRDA:70,4,1,2
BRDA:99,5,0,0
BRDA:99,5,1,1
BRDA:149,6,0,1
BRDA:149,6,1,1
BRF:14
BRH:12
end_of_record
TN:
SF:/mnt/c/Users/Habbe/Dropbox/dbwebb-kurser/ramverk2/me/kmom10/api/src/user.js
FN:3,(anonymous_0)
FN:4,(anonymous_1)
FN:5,(anonymous_2)
FN:14,(anonymous_3)
FN:15,(anonymous_4)
FN:16,(anonymous_5)
FN:25,(anonymous_6)
FN:26,(anonymous_7)
FN:27,(anonymous_8)
FN:36,(anonymous_9)
FN:38,(anonymous_10)
FN:44,(anonymous_11)
FN:58,(anonymous_12)
FN:65,(anonymous_13)
FN:72,(anonymous_14)
FN:84,(anonymous_15)
FN:87,(anonymous_16)
FN:93,(anonymous_17)
FN:101,(anonymous_18)
FN:108,(anonymous_19)
FN:119,(anonymous_20)
FN:123,(anonymous_21)
FN:133,(anonymous_22)
FN:134,(anonymous_23)
FNF:24
FNH:24
FNDA:19,(anonymous_0)
FNDA:19,(anonymous_1)
FNDA:19,(anonymous_2)
FNDA:4,(anonymous_3)
FNDA:4,(anonymous_4)
FNDA:4,(anonymous_5)
FNDA:3,(anonymous_6)
FNDA:3,(anonymous_7)
FNDA:3,(anonymous_8)
FNDA:2,(anonymous_9)
FNDA:2,(anonymous_10)
FNDA:2,(anonymous_11)
FNDA:2,(anonymous_12)
FNDA:2,(anonymous_13)
FNDA:2,(anonymous_14)
FNDA:1,(anonymous_15)
FNDA:1,(anonymous_16)
FNDA:1,(anonymous_17)
FNDA:1,(anonymous_18)
FNDA:1,(anonymous_19)
FNDA:9,(anonymous_20)
FNDA:9,(anonymous_21)
FNDA:2,(anonymous_22)
FNDA:2,(anonymous_23)
DA:1,1
DA:3,1
DA:4,19
DA:5,19
DA:6,19
DA:7,0
DA:9,19
DA:14,1
DA:15,4
DA:16,4
DA:17,4
DA:18,0
DA:20,4
DA:25,1
DA:26,3
DA:27,3
DA:28,3
DA:29,0
DA:31,3
DA:36,1
DA:37,2
DA:38,2
DA:40,2
DA:41,2
DA:42,2
DA:43,2
DA:44,2
DA:45,2
DA:46,0
DA:48,2
DA:49,1
DA:50,1
DA:51,1
DA:52,1
DA:54,1
DA:55,1
DA:56,1
DA:58,2
DA:59,2
DA:60,0
DA:62,2
DA:63,2
DA:64,2
DA:65,2
DA:66,2
DA:67,0
DA:69,2
DA:70,2
DA:71,2
DA:72,2
DA:73,2
DA:74,0
DA:76,2
DA:84,1
DA:85,1
DA:87,1
DA:89,1
DA:90,1
DA:91,1
DA:92,1
DA:93,1
DA:94,1
DA:95,0
DA:97,1
DA:98,1
DA:99,1
DA:100,1
DA:101,1
DA:102,1
DA:103,0
DA:105,1
DA:106,1
DA:107,1
DA:108,1
DA:109,1
DA:110,0
DA:112,1
DA:119,1
DA:120,9
DA:121,9
DA:123,9
DA:124,9
DA:125,0
DA:127,9
DA:128,9
DA:129,9
DA:133,1
DA:134,2
DA:135,2
DA:136,1
DA:139,1
DA:145,1
LF:92
LH:81
BRDA:6,0,0,0
BRDA:6,0,1,19
BRDA:17,1,0,0
BRDA:17,1,1,4
BRDA:28,2,0,0
BRDA:28,2,1,3
BRDA:45,3,0,0
BRDA:45,3,1,2
BRDA:48,4,0,1
BRDA:48,4,1,1
BRDA:59,5,0,0
BRDA:59,5,1,2
BRDA:66,6,0,0
BRDA:66,6,1,2
BRDA:73,7,0,0
BRDA:73,7,1,2
BRDA:94,8,0,0
BRDA:94,8,1,1
BRDA:102,9,0,0
BRDA:102,9,1,1
BRDA:109,10,0,0
BRDA:109,10,1,1
BRDA:120,11,0,9
BRDA:120,11,1,0
BRDA:124,12,0,0
BRDA:124,12,1,9
BRDA:135,13,0,1
BRDA:135,13,1,1
BRF:28
BRH:16
end_of_record
